<?xml version="1.0" encoding="UTF-8"?>
<!-- Generated by org.testng.reporters.JUnitReportReporter -->
<testsuite hostname="yasers-mbp.lan" failures="0" tests="2" name="test.cucumber.ProjectCucumber.Runner" time="5.437" errors="0" timestamp="08 Jan 2022 14:31:50 GMT" skipped="0">
  <testcase classname="test.cucumber.ProjectCucumber.Runner" name="t1" time="0.001"/>
  <testcase classname="test.cucumber.ProjectCucumber.Runner" name="runScenario" time="5.436"/>
</testsuite> <!-- test.cucumber.ProjectCucumber.Runner -->
